Removed Pin From Net: NetName=A1 Pin=R4-2
Removed Pin From Net: NetName=05* Pin=U2-6
Removed Pin From Net: NetName=04 Pin=U2-7
Removed Pin From Net: NetName=03 Pin=U2-8
Removed Pin From Net: NetName=02 Pin=U2-9
Removed Pin From Net: NetName=09* Pin=U3-6
Removed Pin From Net: NetName=08* Pin=U3-7
Removed Pin From Net: NetName=07 Pin=U3-8
Removed Pin From Net: NetName=06* Pin=U3-9
Removed Pin From Net: NetName=13* Pin=U4-6
Removed Pin From Net: NetName=12 Pin=U4-7
Removed Pin From Net: NetName=11* Pin=U4-8
Removed Pin From Net: NetName=10* Pin=U4-9
Added Pin To Net: NetName=11* Pin=R4-2
Added Pin To Net: NetName=A4 Pin=U2-6
Added Pin To Net: NetName=A3 Pin=U2-7
Added Pin To Net: NetName=A2 Pin=U2-8
Added Pin To Net: NetName=A1 Pin=U2-9
Added Pin To Net: NetName=13* Pin=U3-6
Added Pin To Net: NetName=05* Pin=U3-7
Added Pin To Net: NetName=10* Pin=U3-8
Added Pin To Net: NetName=09* Pin=U3-9
Added Pin To Net: NetName=08* Pin=U4-6
Added Pin To Net: NetName=06* Pin=U4-7
Added Pin To Net: NetName=12 Pin=U4-8
Added Pin To Net: NetName=04 Pin=U4-9
Added Member To Class: ClassName=F_keys-leonardo Member=Component RXD LED0
Added Member To Class: ClassName=F_keys-leonardo Member=Component TXD LED0
Added Room: Name=F_keys-leonardo
