Added Component: Designator=USB(typec)
Added Component: Designator=Y1(3225)
Add component (AddParameter): Name = "LatestRevisionDate"; Value = "17-Jul-2002"; VariantName = "[No Variations]"
Add component (AddParameter): Name = "LatestRevisionNote"; Value = "Re-released for DXP Platform."; VariantName = "[No Variations]"
Add component (AddParameter): Name = "PackageDescription"; Value = "Crystal, Thru-Hole; 2 Leads; Body 3.1 x 8.2 mm (Dia.xH)"; VariantName = "[No Variations]"
Add component (AddParameter): Name = "PackageReference"; Value = "R38"; VariantName = "[No Variations]"
Add component (AddParameter): Name = "Published"; Value = "8-Jun-2000"; VariantName = "[No Variations]"
Add component (AddParameter): Name = "Publisher"; Value = "Altium Limited"; VariantName = "[No Variations]"
Added Pin To Net: NetName=GND Pin=USB-A1
Added Pin To Net: NetName=+5 Pin=USB-A4
Added Pin To Net: NetName=NetR8_2 Pin=USB-A5
Added Pin To Net: NetName=NetR1_1 Pin=USB-A6
Added Pin To Net: NetName=NetR2_1 Pin=USB-A7
Added Pin To Net: NetName=NetR9_2 Pin=USB-B5
Added Pin To Net: NetName=NetC8_2 Pin=Y1-1
Added Pin To Net: NetName=NetC7_2 Pin=Y1-2
Added Member To Class: ClassName=F_keys-leonardo Member=Component RXD LED0
Added Member To Class: ClassName=F_keys-leonardo Member=Component TXD LED0
Added Member To Class: ClassName=F_keys-leonardo Member=Component USB TYPEC
Added Member To Class: ClassName=F_keys-leonardo Member=Component Y1 XTAL
